<?xml version="1.0" encoding="UTF-8"?>
<!-- Generated by org.testng.reporters.JUnitReportReporter -->
<testsuite hostname="DESKTOP-B78RVSL" failures="0" tests="1" name="driver.CucumberTestRunner" time="14.014" errors="0" timestamp="2024-11-26T15:57:35 IST" skipped="0">
  <testcase classname="driver.CucumberTestRunner" name="runScenario" time="14.014"/>
</testsuite> <!-- driver.CucumberTestRunner -->
